// Log of Currently Installed WeiDU Mods
// The top of the file is the 'oldest' mod
// ~TP2_File~ #language_number #component_number // [Subcomponent Name -> ] Component Name [ : Version]
~EET/EET.TP2~ #7 #0 // EET核心组件（资源导入）: V13.4
~EET_GUI/EET_GUI.TP2~ #7 #0 // EET GUI替代方案 -> 龙矛围攻
~EEUITWEAKS/EEUITWEAKS.TP2~ #0 #1000 // Mods Options: 4.0.6
~EEUITWEAKS/EEUITWEAKS.TP2~ #0 #1041 // Portrait Selectors -> Mr2150's Portrait Picker (Non-Scaleable UI): 4.0.6
~EEUITWEAKS/EEUITWEAKS.TP2~ #0 #1070 // Faydark's Abilities Auto-Roller/GrimLefourbe's BG2 UI: 4.0.6
~EEUITWEAKS/EEUITWEAKS.TP2~ #0 #1100 // Display max proficiency limits: 4.0.6
~EEUITWEAKS/EEUITWEAKS.TP2~ #0 #2000 // Transparent Sidebars: 4.0.6
~EEUITWEAKS/EEUITWEAKS.TP2~ #0 #2042 // lefreut's Better Level Up Indicators -> lefreut's Level Up Glow with Click: 4.0.6
~EEUITWEAKS/EEUITWEAKS.TP2~ #0 #2900 // lefreut's Improved Record Screen: 4.0.6
~EEUITWEAKS/EEUITWEAKS.TP2~ #0 #3000 // Leveling Progress Bars Tweaks: 4.0.6
~EEUITWEAKS/EEUITWEAKS.TP2~ #0 #3010 // Leveling Progress Bars Options: 4.0.6
~EEUITWEAKS/EEUITWEAKS.TP2~ #0 #3024 // Journal Fixes and Tweaks -> lefreut's Journal (quests collapsed by default): 4.0.6
~EEUITWEAKS/EEUITWEAKS.TP2~ #0 #3050 // lefreut's Improved Inventory Screen -> With Item Comparison: 4.0.6
~EEUITWEAKS/EEUITWEAKS.TP2~ #0 #4025 // Bubb's Store Extension: 4.0.6
~LIGHTINGPACK/LIGHTINGPACK.TP2~ #0 #2 // Shader script files for lighting control -> Moderately increased contrast, brightness and gamma (recommended): v3.1
~LIGHTINGPACK/LIGHTINGPACK.TP2~ #0 #102 // Modify Color Temperature -> Apply preset "Daylight (neutral)" (6,500 Kelvin): v3.1
~BP_IN_BG/BP_IN_BG.TP2~ #2 #100 // 在BGEE/EET中添加访问“死斗黑坑”: 0.9.2
~UB/SETUP-UB.TP2~ #7 #0 // 被诱拐的小布: v29
~UB/SETUP-UB.TP2~ #7 #1 // 恢复苏娜·塞妮与瓦里格的关系: v29
~UB/SETUP-UB.TP2~ #7 #2 // 卡拉和他许下的愿望: v29
~UB/SETUP-UB.TP2~ #7 #3 // “猫和老鼠”（芭荻在禁魔监狱中追杀你）: v29
~UB/SETUP-UB.TP2~ #7 #4 // 高杰·希尔达克与扩充的伊利希银任务: v29
~UB/SETUP-UB.TP2~ #7 #5 // 派娜与灭蛛剑: v29
~UB/SETUP-UB.TP2~ #7 #6 // 复原弯颈鹤旅店: v29
~UB/SETUP-UB.TP2~ #7 #7 // 恢复遭遇战: v29
~UB/SETUP-UB.TP2~ #7 #8 // 阿提密斯·恩崔立出现在芭荻巢穴: v29
~UB/SETUP-UB.TP2~ #7 #9 // 修正“萨尔的造物”: v29
~UB/SETUP-UB.TP2~ #7 #10 // 恢复地狱中艾瑞尼卡斯之战的喽罗: v29
~UB/SETUP-UB.TP2~ #7 #12 // 物品恢复: v29
~UB/SETUP-UB.TP2~ #7 #13 // 原始的攸旭摩头像: v29
~UB/SETUP-UB.TP2~ #7 #14 // 原始的阿诺门头像: v29
~UB/SETUP-UB.TP2~ #7 #15 // NPC头像恢复: v29
~UB/SETUP-UB.TP2~ #7 #17 // 正确的人物名称和特性: v29
~UB/SETUP-UB.TP2~ #7 #18 // 少量对话恢复: v29
~UB/SETUP-UB.TP2~ #7 #19 // 恢复巴尔之子的特殊能力: v29
~UB/SETUP-UB.TP2~ #7 #20 // 扩展ToB的物品描述: v29
~UB/SETUP-UB.TP2~ #7 #21 // ToB附加修正: v29
~UB/SETUP-UB.TP2~ #7 #22 // 释罪者宗派: v29
~UB/SETUP-UB.TP2~ #7 #23 // 野性人宗派: v29
~UB/SETUP-UB.TP2~ #7 #24 // 沙洛佛克的忏悔: v29
~UB/SETUP-UB.TP2~ #7 #25 // 艾克顿·巴西斯谋杀案 作者：Kulyok: v29
~ARESTORATIONP/ARESTORATIONP.TP2~ #6 #0 // ȫ(:Almateria. :c4_angel v8.0.2): v10.0
~ARESTORATIONP/ARESTORATIONP.TP2~ #6 #1 // ＰԻȫ: v10.0
~ARESTORATIONP/ARESTORATIONP.TP2~ #6 #2 // ȫ: v10.0
~ARESTORATIONP/ARESTORATIONP.TP2~ #6 #3 // Ʒȫ: v10.0
~ARESTORATIONP/ARESTORATIONP.TP2~ #6 #4 // ԸĿȫ: v10.0
~ARESTORATIONP/ARESTORATIONP.TP2~ #6 #5 // ֵϸڲȫ: v10.0
~ARESTORATIONP/ARESTORATIONP.TP2~ #6 #6 // : v10.0
~ARESTORATIONP/ARESTORATIONP.TP2~ #6 #7 // սȫ: v10.0
~ARESTORATIONP/ARESTORATIONP.TP2~ #6 #8 // ϸڲȫ: v10.0
~ARESTORATIONP/ARESTORATIONP.TP2~ #6 #11 // ɱ¾ξȫ: v10.0
~ARESTORATIONP/ARESTORATIONP.TP2~ #6 #12 // ɱ¾߱: v10.0
~ARESTORATIONP/ARESTORATIONP.TP2~ #6 #13 // ׽̳ȫ: v10.0
~C#SODBOABRI/C#SODBOABRI.TP2~ #7 #0 // 为巴里斯凯尔桥过场动画添加NPC反应: v6
~C#SODBOABRI/C#SODBOABRI.TP2~ #7 #1 // 为原版巴里斯凯尔桥过场动画添加描述文本: v6
~C#SODBOABRI/C#SODBOABRI.TP2~ #7 #2 // 为巴里斯凯尔桥过场动画添加不同选择: v6
~C#SODBOABRI/C#SODBOABRI.TP2~ #7 #3 // 为大桥动画的选择添加属性变化: v6
~ASCENSION/ASCENSION.TP2~ #4 #0 // 重写巴尔王座的最终章: 2.0.28
~ASCENSION/ASCENSION.TP2~ #4 #10 // 巴萨札可以被救赎: 2.0.28
~ASCENSION/ASCENSION.TP2~ #4 #20 // 增强沙洛佛克与玩家的互动: 2.0.28
~ASCENSION/ASCENSION.TP2~ #4 #30 // 增强爱蒙在巴尔王座中与玩家的互动: 2.0.28
~ASCENSION/ASCENSION.TP2~ #4 #40 // 还原巴尔之子的能力: 2.0.28
~ASCENSION/ASCENSION.TP2~ #4 #50 // 增强杀戮者的变形: 2.0.28
~ASCENSION/ASCENSION.TP2~ #4 #61 // 扩展原版 Bioware NPC 的结局 -> Shawne 的原版 Bioware NPC 结局: 2.0.28
~ASCENSION/ASCENSION.TP2~ #4 #1000 // 更强的阿巴济戈: 2.0.28
~ASCENSION/ASCENSION.TP2~ #4 #1100 // 更强的巴萨札: 2.0.28
~ASCENSION/ASCENSION.TP2~ #4 #1200 // 更强的狄摩高根: 2.0.28
~ASCENSION/ASCENSION.TP2~ #4 #1300 // 更强的葛罗姆尼尔: 2.0.28
~ASCENSION/ASCENSION.TP2~ #4 #1400 // 更强的伊菈赛菈: 2.0.28
~ASCENSION/ASCENSION.TP2~ #4 #1500 // 更强的雅加苏拉: 2.0.28
~ASCENSION/ASCENSION.TP2~ #4 #2000 // 颠峰之战肖像：芭荻: 2.0.28
~ASCENSION/ASCENSION.TP2~ #4 #2100 // 颠峰之战肖像：巴萨札: 2.0.28
~ASCENSION/ASCENSION.TP2~ #4 #2200 // Shawne 的增强版 Beamdog NPC 结局: 2.0.28
~ASCENSION/ASCENSION.TP2~ #4 #2300 // 为增强版提供更清晰的格罗姆尼尔与阿巴济戈头像: 2.0.28
~ASCENSION/ASCENSION.TP2~ #4 #2400 // 稍微增强过场动画: 2.0.28
~FADINGPROMISES/SETUP-FADINGPROMISES.TP2~ #6 #0 // 褪色的承诺: v9
~BGQE/SETUP-BGQE.TP2~ #7 #0 // 贝尔苟斯特的果冻怪: 27
~BGQE/SETUP-BGQE.TP2~ #7 #1 // 贝尔苟斯特的家庭: 27
~BGQE/SETUP-BGQE.TP2~ #7 #2 // 临时保姆与嘉年华的遭遇: 27
~BGQE/SETUP-BGQE.TP2~ #7 #3 // 那西凯的怪物: 27
~BGQE/SETUP-BGQE.TP2~ #7 #4 // 堕落的圣武士: 27
~BGQE/SETUP-BGQE.TP2~ #7 #5 // 不朽的爱情: 27
~BGQE/SETUP-BGQE.TP2~ #7 #6 // 陷入苦恋的半兽人: 27
~BGQE/SETUP-BGQE.TP2~ #7 #7 // 意想不到的帮助: 27
~BGQE/SETUP-BGQE.TP2~ #7 #8 // 许多只小爪子: 27
~BGQE/SETUP-BGQE.TP2~ #7 #9 // 贝尔苟斯特神殿附近的醉鬼: 27
~BGQE/SETUP-BGQE.TP2~ #7 #10 // 努波的温柔乡: 27
~BGQE/SETUP-BGQE.TP2~ #7 #11 // 布雷吉的剑: 27
~BGQE/SETUP-BGQE.TP2~ #7 #12 // 合法的海图来源: 27
~BGQE/SETUP-BGQE.TP2~ #7 #13 // 女神大殿与贱后神殿的扩展: 27
~BGQE/SETUP-BGQE.TP2~ #7 #14 // 一位担忧的农夫: 27
~BGQE/SETUP-BGQE.TP2~ #7 #15 // 理由正当的尸体: 27
~BGQE/SETUP-BGQE.TP2~ #7 #16 // 不用杀死水妖精就可以完成柯达的任务: 27
~TIDINGS/SETUP-TIDINGS.TP2~ #2 #0 // Dark Tidings V. 1.5
~A7-TESTYOURMETTLE/A7-TESTYOURMETTLE.TP2~ #4 #0 // 考验你的勇气！: 1.5
~A7-TESTYOURMETTLE/A7-TESTYOURMETTLE.TP2~ #4 #12 // 降低杀怪经验 -> 降低75%（推荐）: 1.5
~A7-TESTYOURMETTLE/A7-TESTYOURMETTLE.TP2~ #4 #20 // 使“空间扭曲”可在商店购买: 1.5
~SIRINESCALL/SETUP-SIRINESCALL.TP2~ #7 #0 // 海妖女的呼唤: v16.4
~SIRINESCALL/SETUP-SIRINESCALL.TP2~ #7 #1 // 扩展的灯塔地区: v16.4
~EXTRAEXPANDEDENHANCEDENCOUNTERS/EXTRAEXPANDEDENHANCEDENCOUNTERS.TP2~ #3 #0 // EEEE：美利亚·快夜，十字路口: 4.3
~EXTRAEXPANDEDENHANCEDENCOUNTERS/EXTRAEXPANDEDENHANCEDENCOUNTERS.TP2~ #3 #1 // EEEE：比米的烦人强盗: 4.3
~EXTRAEXPANDEDENHANCEDENCOUNTERS/EXTRAEXPANDEDENHANCEDENCOUNTERS.TP2~ #3 #2 // EEEE：增强的豺狼人要塞: 4.3
~EXTRAEXPANDEDENHANCEDENCOUNTERS/EXTRAEXPANDEDENHANCEDENCOUNTERS.TP2~ #3 #3 // EEEE：豺狼人要塞附近熊遭遇战: 4.3
~EXTRAEXPANDEDENHANCEDENCOUNTERS/EXTRAEXPANDEDENHANCEDENCOUNTERS.TP2~ #3 #4 // EEEE：撒恩的新物品（木拉山洞里的新物品）: 4.3
~EXTRAEXPANDEDENHANCEDENCOUNTERS/EXTRAEXPANDEDENHANCEDENCOUNTERS.TP2~ #3 #5 // EEEE：丹妮的桥头强盗: 4.3
~EXTRAEXPANDEDENHANCEDENCOUNTERS/EXTRAEXPANDEDENHANCEDENCOUNTERS.TP2~ #3 #6 // EEEE：翼龙山洞里的火龙: 4.3
~EXTRAEXPANDEDENHANCEDENCOUNTERS/EXTRAEXPANDEDENHANCEDENCOUNTERS.TP2~ #3 #7 // EEEE：地下城市岩浆堡垒遭遇战：红骷髅 - （U.M.B.E.R.S.）: 4.3
~COM_ENCOUNTERS/SETUP-COM_ENCOUNTERS.TP2~ #7 #0 // ˹ѡսҪͶ: v1.22
~COM_ENCOUNTERS/SETUP-COM_ENCOUNTERS.TP2~ #7 #1 // 밲װĽĵ³ս: v1.22
~COM_ENCOUNTERS/SETUP-COM_ENCOUNTERS.TP2~ #7 #2 // 밲װĽĸ񱴸ս: v1.22
~DC/DC.TP2~ #5 #0 // 地城爬行者: v13.1
~ASSASSINATIONS/ASSASSINATIONS.TP2~ #7 #0 // 刺杀合约: v19
~BLACKHEARTS EET/SETUP-BLACKHEARTS EET.TP2~ #1 #0 // 在EET中安装 黑心 Mod: v1.0
~BACKBRYNNLAW/BACKBRYNNLAW.TP2~ #3 #0 // 重返布林罗岛: v9
~SELLSWORDS/SELLSWORDS.TP2~ #3 #0 // 佣兵生涯: v9.1
~REUNION/REUNION.TP2~ #2 #0 // 再度重聚: v7
~ALABASTERSANDS/ALABASTERSANDS.TP2~ #4 #0 // 阿斯卡特拉新地区：雪花石海滩 -> 是的，但不要修改存档文件: v1.7
~BRIDGESBLOCK/BRIDGESBLOCK.TP2~ #7 #0 // 阿斯卡特拉新地区：大桥街区: 1.9
~EILISTRAEE/SETUP-EILISTRAEE.TP2~ #6 #0 // 伊莉丝翠之歌 -> 是的，但不要修改存档文件: 7.3
~INLOVEUNDEATH/INLOVEUNDEATH.TP2~ #1 #0 // 恐怖故事：爱与不朽 - BG2EE的新任务和新伙伴 -> 是的，但不要修改存档文件: v1.7
~INLOVEUNDEATH/INLOVEUNDEATH.TP2~ #1 #2 // 克斯莱：玩家发起的对话: v1.7
~INNERSHADE/SETUP-INNERSHADE.TP2~ #6 #0 // 无限颜色系列：遮蔽村庄 -> 是的，但不要修改存档文件: 11.1
~ISNF/ISNF.TP2~ #5 #0 // 无限颜色系列：矢志不渝的爱: 6.1.1
~JUNIPERANDTHESTONELEECH/JUNIPERANDTHESTONELEECH.TP2~ #1 #0 // 恐怖故事：杜松与石水蛭 - BG2EE ToB的同伴和任务Mod: v1.5
~JUNIPERANDTHESTONELEECH/JUNIPERANDTHESTONELEECH.TP2~ #1 #1 // 恐怖故事：杜松和石水蛭 - 杜松的玩家发起对话: v1.5
~OOZE/OOZE.TP2~ #1 #0 // 软泥会客厅：阿斯卡特拉贫民区的新地区: 2.93
~SOTSC/SOTSC.TP2~ #7 #0 // 剑湾之影 —— 博德之门增强版扩展包: v8.6
~SOUTHERNEDGE/SOUTHERNEDGE.TP2~ #2 #0 // 市郊区：阿斯卡特拉的新地区 -> 是的，但不要修改存档文件: 5.0
~TOTDG/TOTDG.TP2~ #7 #0 // 无限颜色系列：深渊庭院的传说 -> 是的，但不要修改存档文件: 12.9
~TANGLEDISLE/TANGLEDISLE.TP2~ #2 #0 // 缠绕橡树岛：阿斯卡特拉的新地区 -> 是的，但不要修改存档文件: v4.2
~BLOODIEDSTINGSOFBAROVIA/BLOODIEDSTINGSOFBAROVIA.TP2~ #1 #0 // 巴洛维亚的血腥骗局——适用于博德之门2增强版的黑暗魔域冒险: v2.1
~WHINHILL/WHINHILL.TP2~ #1 #0 // 惠恩山之旅 - BG2：EE任务 -> 是的，但不要修改存档文件: v1.3
~WHINHILL/WHINHILL.TP2~ #1 #2 // 惠恩山之旅：添加可选的可加入的小伙伴 - 阿福·祖维: v1.3
~WHINHILL/WHINHILL.TP2~ #1 #3 // 惠恩山之旅：为可选的伙伴增加玩家发起的对话 - 阿福·祖维: v1.3
~WHITEQUEEN/WHITEQUEEN.TP2~ #6 #0 // 无限颜色系列：洁白女王 -> 是的，但不要修改存档文件: 7.1
~THECALLING/THECALLING.TP2~ #9 #0 // 召唤: v5
~THECALLING/THECALLING.TP2~ #9 #20 // 和平的狼人岛解决方案: v5
~THECALLING/THECALLING.TP2~ #9 #40 // 珍奇的物品: v5
~SLANDOR/SLANDOR.TP2~ #7 #0 // 牛头人和利拉寇尔: 2.1
~LUCY/LUCY.TP2~ #7 #0 // 翼龙露西: v5.0
~TOD/TOD.TP2~ #8 #0 // 欺骗之塔: v4.0.8
~TOD/TOD.TP2~ #8 #1 // 强化星界碎片守卫: v4.0.8
~TOD/TOD.TP2~ #8 #2 // 遭遇乌斯崔恩: v4.0.8
~THALAN/THALAN.TP2~ #7 #0 // 泰蓝提尔物品升级: v4.5
~ITEMUPGRADE/ITEMUPGRADE.TP2~ #7 #0 // 安姆阴影物品强化 -> 原始版本（以名单形式列出所有新增物品强化）: v51
~ITEMUPGRADE/ITEMUPGRADE.TP2~ #7 #1 // 巴尔王座物品强化 -> 原始版本（以名单形式列出所有新增物品强化）: v51
~ITEMUPGRADE/ITEMUPGRADE.TP2~ #7 #12 // 为新增物品强化安装额外的塞斯潘纳语音: v51
~ROLLES/ROLLES.TP2~ #5 #0 // 洛斯·萨佛的商店: v5.0.5
~ROLLES/ROLLES.TP2~ #5 #10 // 艾瑞尼卡斯地牢的次元袋: v5.0.5
~RUAD/RUAD.TP2~ #6 #0 // 罗德物品升级（SoA）: v29.4.0
~RUAD/RUAD.TP2~ #6 #10 // 罗德物品升级（ToB）: v29.4.0
~DARRON/DARRON.TP2~ #6 #0 // 达伦商店: v2.0.0
~BOLSA/BOLSA.TP2~ #4 #0 // 博尔萨商店: v6.0.0
~ABYSTORE/ABYSTORE.TP2~ #6 #0 // 古怪商店: 5.0
~SOD2BG2_IU/SOD2BG2_IU.TP2~ #1 #0 // SoD to BG2:EE Item upgrade by Daeros_Trollkiller: v2.0.5
~SOD2BG2_IU/SOD2BG2_IU.TP2~ #1 #4 // 更新现有龙鳞物品的名称、外观、图标和传说值，使其与《博德之门1》、《博德之门2》以及本MOD引入的新物品保持一致。 ***这些改动仅为外观改动***: v2.0.5
~SOD2BG2_IU/SOD2BG2_IU.TP2~ #1 #5 // 更新原始暗影龙鳞甲的抗性类型，以便与新变体保持一致：酸 -> 魔法伤害): v2.0.5
~SOD2BG2_IU/SOD2BG2_IU.TP2~ #1 #8 // 强制所有可导入的龙矛围攻物品在其正常位置可用 ****需要开始新游戏**** -> 所有可导入项目以及随机虚空之剑+3或虚空之锤+3: v2.0.5
~SOD2BG2_IU/SOD2BG2_IU.TP2~ #1 #9 // 更改克伦威尔的装备，使其更符合他的锻造技能: v2.0.5
~SOD2BG2_IU/SOD2BG2_IU.TP2~ #1 #27 // 允许选择从《博德之门》导入艾瑞尼卡斯地牢的物品 -> 博德安之盔: v2.0.5
~SOD2BG2_IU/SOD2BG2_IU.TP2~ #1 #31 // 现有物品的外观改进（不影响功能）: v2.0.5
~SOD2BG2_IU/SOD2BG2_IU.TP2~ #1 #36 // 增强命中时的视觉效果。(火、冷、酸、电、魔法--仅限外观效果） -> IWD风格的命中视觉效果, BG风格的音效。: v2.0.5
~STRATAGEMS/SETUP-STRATAGEMS.TP2~ #8 #1500 // 包括冰风谷增强版中的法师法术: 35.16
~STRATAGEMS/SETUP-STRATAGEMS.TP2~ #8 #1510 // 包括冰风谷增强版中的牧师神术: 35.16
~STRATAGEMS/SETUP-STRATAGEMS.TP2~ #8 #1520 // 包括冰风谷：增强版的吟游诗人战歌: 35.16
~STRATAGEMS/SETUP-STRATAGEMS.TP2~ #8 #2000 // 安装所有的法术调整（如果你不选择这个，你将有机会按类别进行选择）: 35.16
~STRATAGEMS/SETUP-STRATAGEMS.TP2~ #8 #2500 // 增加9个新奥术: 35.16
~STRATAGEMS/SETUP-STRATAGEMS.TP2~ #8 #2510 // 增加6个新神术 （有些是从Divine Remix借用的）: 35.16
~IWD1_EET/SETUP-IWD1_EET.TP2~ #5 #0 // Use <CHARNAME> instead of <GABBER> etc.
~IWD1_EET/SETUP-IWD1_EET.TP2~ #5 #1 // Icewind Dale: Heart of Winter in Baldur's Gate Enhanced Edition Trilogy
~IWD2_EET/SETUP-IWD2_EET.TP2~ #4 #0 // Icewind Dale 2 in Baldur's Gate Enhanced Edition Trilogy
~ICEWIND_EET/ICEWIND_EET.TP2~ #4 #0 // IceWind_End
~NWNFORBG/SETUP-NWNFORBG.TP2~ #7 #0 // NWN For BG: 0.97
~NWNFORBG/SETUP-NWNFORBG.TP2~ #7 #10 // NWN For BG - Worldmap select (EE-games only) -> Place NWN locations on BP-BGT Worldmap: 0.97
~BGIWDEASY/SETUP-BGIWDEASY.TP2~ #0 #0 // 可提前开始冰风谷1游戏（去除NPC在乌葛斯胡渣旅馆出现的章节需求）: v1.4
~BGIWDEASY/SETUP-BGIWDEASY.TP2~ #0 #1 // 可携带物品进入和离开冰风谷1游戏（不包括次元袋和大部分任务物品） -> 仅允许主角携带装备进入和离开冰风谷1，队友不能携带装备但进入时获得精制武器: v1.4
~BGIWDEASY/SETUP-BGIWDEASY.TP2~ #0 #3 // 可提前开始冰风谷2游戏（去除NPC在铜冠旅店出现的章节需求）: v1.4
~BGIWDEASY/SETUP-BGIWDEASY.TP2~ #0 #4 // 可携带物品进入和离开冰风谷2游戏（不包括次元袋和大部分任务物品） -> 仅允许主角携带装备进入和离开冰风谷2，队友不能携带装备但进入时获得精制武器: v1.4
~BGIWDEASY/SETUP-BGIWDEASY.TP2~ #0 #6 // 允许在冰风谷1最终战之前和盲眼矮人铁匠提尔农交谈（前提是他给玩家锻造过冰制武器），获得唤醒艾霍能之剑的机会: v1.4
~BGIWDEASY/SETUP-BGIWDEASY.TP2~ #0 #7 // 解决冰风谷1和冬之心最终战结束可能无法继续游戏的问题: v1.4
~BGIWDEASY/SETUP-BGIWDEASY.TP2~ #0 #8 // 修正可以和魔法饰品共同使用的盔甲列表（全身铠甲、掘地虫铠甲等）: v1.4
~BGIWDEASY/SETUP-BGIWDEASY.TP2~ #0 #9 // 从冰风谷归来时，自动把主角携带的守护之戒、防护斗篷等替换为博德之门的版本: v1.4
~BGIWDEASY/SETUP-BGIWDEASY.TP2~ #0 #10 // 魔宠在冰风谷可正常存在: v1.4
~BGIWDEASY/SETUP-BGIWDEASY.TP2~ #0 #11 // 提示处理冰风谷1开场出门后控制界面消失的问题: v1.4
~BGIWDEASY/SETUP-BGIWDEASY.TP2~ #0 #12 // 放置NPC在冰风谷1帮助玩家: v1.4
~BGIWDEASY/SETUP-BGIWDEASY.TP2~ #0 #13 // 进入安姆阴影时如果带有来自冰风谷1的传奇物品，可以在地牢东边的书橱里找到它们 -> 仅限有故事的物品（先编辑bring1.2da再安装可自定义物品）: v1.4
~BGIWDEASY/SETUP-BGIWDEASY.TP2~ #0 #15 // 修正冰风谷2最后一章红袍法师维斯·奈吉任务奖励（给人物刺青）无效的问题: v1.4
~BGIWDEASY/SETUP-BGIWDEASY.TP2~ #0 #16 // 解决冰风谷1最终战前无法进入巨冰塔的问题: v1.4
~BGIWDEASY/SETUP-BGIWDEASY.TP2~ #0 #18 // 修正冰风谷一些地图中生物消失导致剧情无法继续的问题（测试）: v1.4
~SKIECOST/SKIECOST.TP2~ #2 #0 // 史姬：少女灵魂的代价: v6.2
~SKIECOST/SKIECOST.TP2~ #2 #1 // 允许史姬成为可加入队伍的NPC: v6.2
~SKIECOST/SKIECOST.TP2~ #2 #2 // 史姬：少女灵魂的代价 - 为史姬增加玩家发起的对话: v6.2
~SKIECOST/SKIECOST.TP2~ #2 #3 // 史姬：少女灵魂的代价 - 艾德达德·银盾归来（任务和可加入的NPC）: v6.2
~SKIECOST/SKIECOST.TP2~ #2 #4 // 史姬：少女灵魂的代价 - 为艾德达德增加玩家发起的对话: v6.2
~SKIECOST/SKIECOST.TP2~ #2 #5 // 将龙矛围城中的独特物品引入博德之门2: v6.2
~DJINNICOMPANION/DJINNICOMPANION.TP2~ #3 #0 // 阿法克 - 风巨灵同伴 -> 完整版本（包括任务、插话及其他）: v2.10
~DJINNICOMPANION/DJINNICOMPANION.TP2~ #3 #300 // 可选的风巨灵肖像（by Ulb）: v2.10
~AMBER/AMBER.TP2~ #3 #0 // 琥珀: v9
~AMBER/AMBER.TP2~ #3 #1 // 琥珀多人游戏-友谊调情包: v9
~IEPBANTERS/IEPBANTERS.TP2~ #4 #0 // 扩展安姆阴影中NPC之间的插话: v5.9
~IEPBANTERS/IEPBANTERS.TP2~ #4 #1 // 巴尔王座中明斯克与艾黎之间的插话: v5.9
~IEPBANTERS/IEPBANTERS.TP2~ #4 #2 // 爱蒙在巴尔王座中的“追忆”: v5.9
~IEPBANTERS/IEPBANTERS.TP2~ #4 #3 // 阿诺门罗曼史中的“一夜醒来”对话: v5.9
~IEPBANTERS/IEPBANTERS.TP2~ #4 #4 // NPC冲突修订: v5.9
~IEPBANTERS/IEPBANTERS.TP2~ #4 #5 // 恢复艾黎、贾希拉、阿诺门在幽暗地域的插话: v5.9
~BANTERPACK/SETUP-BANTERPACK.TP2~ #8 #0 // 安姆阴影插话包: v18
~BANTERPACK/SETUP-BANTERPACK.TP2~ #8 #1 // 安装安姆阴影插话提速脚本？: v18
~BANTERPACK/SETUP-BANTERPACK.TP2~ #8 #2 // 巴尔王座插话包: v18
~BANTERPACK/SETUP-BANTERPACK.TP2~ #8 #3 // 安装巴尔王座插话提速脚本？: v18
~COWLEDMENACE/SETUP-COWLEDMENACE.TP2~ #2 #1000 // 主要组件: 1.0.1
~COWLEDMENACE/SETUP-COWLEDMENACE.TP2~ #2 #2100 // 适合高级别法师的合适物品: 1.0.1
~COWLEDMENACE/SETUP-COWLEDMENACE.TP2~ #2 #3000 // 法师们远离自己施放的传送门: 1.0.1
~COWLEDMENACE/SETUP-COWLEDMENACE.TP2~ #2 #3020 // 使用增强版之前的法术偏转结界（仅限增强版） -> 推荐用于所有使用该动画的法术（推荐）: 1.0.1
~A7-MAGICSTORE/A7-MAGICSTORE.TP2~ #5 #1 // 维加丹的魔法商店 -> 所需费用: 4.0
~A7-MAGICSTORE/A7-MAGICSTORE.TP2~ #5 #10 // 幽灵商人的替代肖像: 4.0
~WILDMAGE/WILDMAGE.TP2~ #7 #0 // µĿħ -> : v2.3
~WILDMAGE/WILDMAGE.TP2~ #7 #2 // еƷ: v2.3
~WILDMAGE/WILDMAGE.TP2~ #7 #4 // ʦ -> ޸ĵĻ: v2.3
~WILDMAGE/WILDMAGE.TP2~ #7 #5 // ޸: v2.3
~RR/SETUP-RR.TP2~ #1 #0 // 允许盗贼和吟游诗人学习三星双武器风格: v4.92
~RR/SETUP-RR.TP2~ #1 #1 // 盗贼职业修订: v4.92
~RR/SETUP-RR.TP2~ #1 #2 // 盗贼高阶技能修订: v4.92
~RR/SETUP-RR.TP2~ #1 #3 // 调整种族对盗贼技能的影响: v4.92
~RR/SETUP-RR.TP2~ #1 #4 // 吟游诗人职业修订: v4.92
~RR/SETUP-RR.TP2~ #1 #5 // 吟游诗人高阶技能修订: v4.92
~RR/SETUP-RR.TP2~ #1 #6 // 吟游诗人法术升级列表修订: v4.92
~RR/SETUP-RR.TP2~ #1 #7 // 额外的盗贼和吟游诗人专用装备: v4.92
~RR/SETUP-RR.TP2~ #1 #8 // 允许克伦威尔和塞斯潘纳升级本 MOD 在游戏中添加的物品: v4.92
~RR/SETUP-RR.TP2~ #1 #10 // 偷窃的有关调整 -> 不修改盗贼技能药水，但防止其效果叠加: v4.92
~RR/SETUP-RR.TP2~ #1 #11 // 希瑞克选民遭遇战: v4.92
~RR/SETUP-RR.TP2~ #1 #12 // 增强影贼公会: v4.92
~RR/SETUP-RR.TP2~ #1 #999 // BG2风格的RR图标: v4.92
~SONG_AND_SILENCE/SETUP-SONG_AND_SILENCE.TP2~ #6 #0 // 对于纯职吟游诗人和盗贼以及官方宗派的更改（基础组件）: v17
~SONG_AND_SILENCE/SETUP-SONG_AND_SILENCE.TP2~ #6 #1 // 增加新的吟游诗人商店与盗贼物品: v17
~SONG_AND_SILENCE/SETUP-SONG_AND_SILENCE.TP2~ #6 #2 // 安装杂耍吟游诗人宗派: v17
~SONG_AND_SILENCE/SETUP-SONG_AND_SILENCE.TP2~ #6 #3 // 安装行吟圣歌颂者宗派: v17
~SONG_AND_SILENCE/SETUP-SONG_AND_SILENCE.TP2~ #6 #4 // 安装挽歌诗人宗派: v17
~SONG_AND_SILENCE/SETUP-SONG_AND_SILENCE.TP2~ #6 #5 // 安装吉普赛吟游诗人宗派: v17
~SONG_AND_SILENCE/SETUP-SONG_AND_SILENCE.TP2~ #6 #6 // 安装盗贼探险者宗派: v17
~SONG_AND_SILENCE/SETUP-SONG_AND_SILENCE.TP2~ #6 #7 // 安装窃贼盗贼宗派: v17
~SONG_AND_SILENCE/SETUP-SONG_AND_SILENCE.TP2~ #6 #8 // 安装灵魂之刃盗贼宗派: v17
~SONG_AND_SILENCE/SETUP-SONG_AND_SILENCE.TP2~ #6 #9 // 安装利刃射手盗贼宗派: v17
~CDTWEAKS/SETUP-CDTWEAKS.TP2~ #9 #70 // 冰风谷施法动画（Andyr）: v16
~CDTWEAKS/SETUP-CDTWEAKS.TP2~ #9 #2010 // 防护火焰和寒冷的图标显示成两个不同的图标（Angel）: v16
~CDTWEAKS/SETUP-CDTWEAKS.TP2~ #9 #2312 // 增加高级角色施展法术的豁免惩罚 -> 奥术和神术: v16
~CDTWEAKS/SETUP-CDTWEAKS.TP2~ #9 #3031 // 简单的法术学习 -> 100%学会法术且无数量限制: v16
~A7#IMPROVEDARCHER/A7#IMPROVEDARCHER.TP2~ #7 #0 // 改良的弓箭手宗派: v4.3
~A7#IMPROVEDARCHER/A7#IMPROVEDARCHER.TP2~ #7 #10 // 新增战士宗派：神射手: v4.3
~A7#IMPROVEDARCHER/A7#IMPROVEDARCHER.TP2~ #7 #20 // 新增圣骑士宗派：弓骑士: v4.3
~A7#IMPROVEDARCHER/A7#IMPROVEDARCHER.TP2~ #7 #30 // 新增盗贼宗派：狙击手: v4.3
~A7#IMPROVEDARCHER/A7#IMPROVEDARCHER.TP2~ #7 #100 // 在游戏中添加+4的箭、矢以及强大的弓: v4.3
~WSR/SETUP-WSR.TP2~ #3 #100 // 法师杀手宗派修订: v1.12
~WSR/SETUP-WSR.TP2~ #3 #200 // 法师杀手高阶技能修订: v1.12
~WSR/SETUP-WSR.TP2~ #3 #302 // 法师杀手道具限制修订 -> 适中的改动: v1.12
~WSR/SETUP-WSR.TP2~ #3 #999 // 法师杀手宗派修订使用BG2风格的图标: v1.12
~CDTWEAKS/SETUP-CDTWEAKS.TP2~ #9 #60 // 武器动画调整: v16
~CDTWEAKS/SETUP-CDTWEAKS.TP2~ #9 #90 // 去除装备在人物头像上添加的图标: v16
~CDTWEAKS/SETUP-CDTWEAKS.TP2~ #9 #110 // 图标的改善: v16
~CDTWEAKS/SETUP-CDTWEAKS.TP2~ #9 #130 // 对话时自动暂停游戏: v16
~CDTWEAKS/SETUP-CDTWEAKS.TP2~ #9 #140 // 修正布布的叫声: v16
~CDTWEAKS/SETUP-CDTWEAKS.TP2~ #9 #160 // 使魔法盾牌闪烁 （plainab/grogerson）: v16
~CDTWEAKS/SETUP-CDTWEAKS.TP2~ #9 #170 // 独特的图标 -> Only replace icons that aren't already unique: v16
~CDTWEAKS/SETUP-CDTWEAKS.TP2~ #9 #180 // 独特的容器 -> 只有修正: v16
~CDTWEAKS/SETUP-CDTWEAKS.TP2~ #9 #191 // 使用人物配色取代物品配色 -> 作用于非魔法盾牌和头盔: v16
~CDTWEAKS/SETUP-CDTWEAKS.TP2~ #9 #1010 // 更多的插话: v16
~CDTWEAKS/SETUP-CDTWEAKS.TP2~ #9 #1020 // 更改NPC受伤对话的触发条件: v16
~CDTWEAKS/SETUP-CDTWEAKS.TP2~ #9 #1030 // 在第六章之前显示野外地区: v16
~CDTWEAKS/SETUP-CDTWEAKS.TP2~ #9 #1035 // 在完成强盗营地任务前打开斗篷森林地区 -> 只有第一个地区: v16
~CDTWEAKS/SETUP-CDTWEAKS.TP2~ #9 #1040 // 增强阿斯卡特拉城的警卫: v16
~CDTWEAKS/SETUP-CDTWEAKS.TP2~ #9 #1070 // 改进多人游戏的队友离队时的对话: v16
~CDTWEAKS/SETUP-CDTWEAKS.TP2~ #9 #1075 // 将游戏NPC送往旅馆（DavidW/Zed Nocear）: v16
~CDTWEAKS/SETUP-CDTWEAKS.TP2~ #9 #1080 // 增加次元袋: v16
~CDTWEAKS/SETUP-CDTWEAKS.TP2~ #9 #1120 // 商店出售更大捆的物品: v16
~CDTWEAKS/SETUP-CDTWEAKS.TP2~ #9 #1150 // 变形者平衡: v16
~CDTWEAKS/SETUP-CDTWEAKS.TP2~ #9 #1160 // 多个据点（Baldurdash） -> 无限制（Baldurdash）: v16
~CDTWEAKS/SETUP-CDTWEAKS.TP2~ #9 #1220 // 允许克伦威尔升级观察者堡垒的物品: v16
~CDTWEAKS/SETUP-CDTWEAKS.TP2~ #9 #1225 // 调整克伦威尔铸造物品的时间 -> 立刻完成 （原版BG2默认）: v16
~CDTWEAKS/SETUP-CDTWEAKS.TP2~ #9 #1230 // 允许塞斯潘纳升级克伦威尔的配方: v16
~CDTWEAKS/SETUP-CDTWEAKS.TP2~ #9 #2090 // 更改经验上限 -> 去掉经验上限: v16
~CDTWEAKS/SETUP-CDTWEAKS.TP2~ #9 #2150 // 装备多个魔法保护物品 -> P&P限制: v16
~CDTWEAKS/SETUP-CDTWEAKS.TP2~ #9 #2170 // 使用卷轴（或其它物品）施法时按人物自身等级计算: v16
~CDTWEAKS/SETUP-CDTWEAKS.TP2~ #9 #2192 // 限制店主鉴定物品的能力 -> 混合以上两种方法: v16
~CDTWEAKS/SETUP-CDTWEAKS.TP2~ #9 #2220 // 魔法创造的武器重量为0: v16
~CDTWEAKS/SETUP-CDTWEAKS.TP2~ #9 #2250 // 未削弱的术士法术升级表: v16
~CDTWEAKS/SETUP-CDTWEAKS.TP2~ #9 #2260 // 改变法师法术升级表 -> 未削弱的设置（Blucher）: v16
~CDTWEAKS/SETUP-CDTWEAKS.TP2~ #9 #2270 // 改变吟游诗人法术升级表 -> 未削弱的设置（Blucher）: v16
~CDTWEAKS/SETUP-CDTWEAKS.TP2~ #9 #2280 // 改变牧师法术升级表 -> 未削弱的设置（Blucher）: v16
~CDTWEAKS/SETUP-CDTWEAKS.TP2~ #9 #2290 // 改变德鲁伊法术和等级升级表 -> 不改变等级升级表，只使用未削弱的德鲁伊法术设置（Blucher）: v16
~CDTWEAKS/SETUP-CDTWEAKS.TP2~ #9 #2580 // Alter Wisdom-Based Divine Bonus Spell Table -> Use PnP/PsT Table: v16
~CDTWEAKS/SETUP-CDTWEAKS.TP2~ #9 #2300 // 更改战法盗和战牧法的高等级能表: v16
~CDTWEAKS/SETUP-CDTWEAKS.TP2~ #9 #2390 // Alter Paladin Spell Progression Table -> 圣武士使用冰风之谷-寒冬之心的法术升级表（grogerson）: v16
~CDTWEAKS/SETUP-CDTWEAKS.TP2~ #9 #2400 // Alter Ranger Spell Progression Table -> 游侠使用冰风之谷-寒冬之心的法术升级表（grogerson）: v16
~CDTWEAKS/SETUP-CDTWEAKS.TP2~ #9 #2410 // 德鲁伊使用DnD3版的阵营限制: v16
~CDTWEAKS/SETUP-CDTWEAKS.TP2~ #9 #2420 // 放宽兼职或转职牧师的装备限制: v16
~CDTWEAKS/SETUP-CDTWEAKS.TP2~ #9 #2430 // 修改兼职或转职德鲁伊的装备限制 -> 放宽兼职或转职德鲁伊的装备限制: v16
~CDTWEAKS/SETUP-CDTWEAKS.TP2~ #9 #2500 // 负重超重限制改变: v16
~CDTWEAKS/SETUP-CDTWEAKS.TP2~ #9 #2510 // 法师必须满足等级才可使用相应等级的奥术卷轴（Angel）: v16
~CDTWEAKS/SETUP-CDTWEAKS.TP2~ #9 #2590 // Thieves Can Backstab With More Weapons With "Use Any Item" or as Dual- and Multi-Classes: v16
~CDTWEAKS/SETUP-CDTWEAKS.TP2~ #9 #2620 // Make Certain Creatures Immune to Backstab/Sneak Attack [Luke]: v16
~CDTWEAKS/SETUP-CDTWEAKS.TP2~ #9 #2999 // 等级1时获得HP最大值: v16
~CDTWEAKS/SETUP-CDTWEAKS.TP2~ #9 #3000 // 升级时获得更多的HP -> 最大值: v16
~CDTWEAKS/SETUP-CDTWEAKS.TP2~ #9 #3008 // 生命骰得到的加值可以一直到20级（Angel）: v16
~CDTWEAKS/SETUP-CDTWEAKS.TP2~ #9 #3040 // 次元袋的容量无限: v16
~CDTWEAKS/SETUP-CDTWEAKS.TP2~ #9 #3070 // 改变声望对价格的影响 -> 低声望时商店折扣修正（Sabre）: v16
~CDTWEAKS/SETUP-CDTWEAKS.TP2~ #9 #3082 // 提高弹药堆叠数量 -> 每组80: v16
~CDTWEAKS/SETUP-CDTWEAKS.TP2~ #9 #3092 // 提高宝石和珠宝堆叠数量 -> 每组80: v16
~CDTWEAKS/SETUP-CDTWEAKS.TP2~ #9 #3102 // 提高药剂堆叠数量 -> 每组80: v16
~CDTWEAKS/SETUP-CDTWEAKS.TP2~ #9 #3111 // 提高卷轴堆叠数量 -> 每组40: v16
~CDTWEAKS/SETUP-CDTWEAKS.TP2~ #9 #3121 // 快乐补丁（队伍中的NPC不会打架或抱怨声望） -> NPC会对声望不满，但不会离开队伍（Salk）: v16
~CDTWEAKS/SETUP-CDTWEAKS.TP2~ #9 #3123 // NPC不会打架: v16
~CDTWEAKS/SETUP-CDTWEAKS.TP2~ #9 #3125 // 中立阵营的人物在声望中等时会有高兴的议论: v16
~CDTWEAKS/SETUP-CDTWEAKS.TP2~ #9 #3160 // 保留崔斯特的装备，马尔可．哈贝尔不会出现: v16
~CDTWEAKS/SETUP-CDTWEAKS.TP2~ #9 #3170 // 在幽暗地域中不会变成黑暗精灵的形象: v16
~CDTWEAKS/SETUP-CDTWEAKS.TP2~ #9 #3190 // 可在任何地方休息（Japheth）: v16
~CDTWEAKS/SETUP-CDTWEAKS.TP2~ #9 #3200 // 可贩卖的物品（Icelus）: v16
~CDTWEAKS/SETUP-CDTWEAKS.TP2~ #9 #3205 // 商店购买所有类型的物品: v16
~CDTWEAKS/SETUP-CDTWEAKS.TP2~ #9 #3300 // 显示主角死亡镜头: v16
~CDTWEAKS/SETUP-CDTWEAKS.TP2~ #9 #3310 // 开始新游戏时将团队AI设置为默认关闭: v16
~CDTWEAKS/SETUP-CDTWEAKS.TP2~ #9 #3330 // 队友不易成为无法复活状态: v16
~CDTWEAKS/SETUP-CDTWEAKS.TP2~ #9 #3342 // Increase Party Movement Speed and/or Casting Speed Outside of Combat [argent77] -> Movement speed by 150 percent: v16
~CDTWEAKS/SETUP-CDTWEAKS.TP2~ #9 #3350 // Create Interval Saves [argent77] -> Every 15 minutes (one save only): v16
~CDTWEAKS/SETUP-CDTWEAKS.TP2~ #9 #4000 // 调整可加入邪恶NPC的反应掷骰: v16
~CDTWEAKS/SETUP-CDTWEAKS.TP2~ #9 #4020 // ToB风格的NPC: v16
~CDTWEAKS/SETUP-CDTWEAKS.TP2~ #9 #4025 // 允许成对的队友分开（例如贾希拉和卡立德，戴娜黑和明斯克，萨尔和蒙塔罗等）: v16
~CDTWEAKS/SETUP-CDTWEAKS.TP2~ #9 #4031 // 属性一致的艾德温 -> 使用BG2属性: v16
~CDTWEAKS/SETUP-CDTWEAKS.TP2~ #9 #4041 // 属性一致的贾希拉 -> 使用BG2属性: v16
~CDTWEAKS/SETUP-CDTWEAKS.TP2~ #9 #4061 // 属性一致的明斯克 -> 使用BG2属性: v16
~CDTWEAKS/SETUP-CDTWEAKS.TP2~ #9 #4071 // 属性一致的维康妮亚 -> 使用BG2属性: v16
~CDTWEAKS/SETUP-CDTWEAKS.TP2~ #9 #4110 // 凯根的体质变为19: v16
~CDTWEAKS/SETUP-CDTWEAKS.TP2~ #9 #4120 // 柯朗的敏捷变为19: v16
~CDTWEAKS/SETUP-CDTWEAKS.TP2~ #9 #4150 // 把小布移动到明斯克的背包中: v16
~CDTWEAKS/SETUP-CDTWEAKS.TP2~ #9 #4170 // 确保莎儿-蒂尔在挑战中不会死亡: v16
~CDTWEAKS/SETUP-CDTWEAKS.TP2~ #9 #4140 // 队员不会自动设置“高级人工智能”脚本（BGEE/BG2EE）: v16
~TACTICS-REMIX/TACTICS-REMIX.TP2~ #2 #2 // "Kuroisan", the Acid Kensai: v0.6.2-beta
~TACTICS-REMIX/TACTICS-REMIX.TP2~ #2 #1 // The Ritual: v0.6.2-beta
~TACTICS-REMIX/TACTICS-REMIX.TP2~ #2 #3 // "Red Badge" Poison-Based Encounter: v0.6.2-beta
~TACTICS-REMIX/TACTICS-REMIX.TP2~ #2 #4 // Gebhard Blucher's Lich in the Docks: v0.6.2-beta
~TACTICS-REMIX/TACTICS-REMIX.TP2~ #2 #5 // Kensai Ryu's Gnome Fighter/Illusionist in the Docks: v0.6.2-beta
~STRATAGEMS/SETUP-STRATAGEMS.TP2~ #8 #2520 // 修订元素和元素召唤: 35.16
~STRATAGEMS/SETUP-STRATAGEMS.TP2~ #8 #2900 // 移动或修改过强的魔法物品: 35.16
~STRATAGEMS/SETUP-STRATAGEMS.TP2~ #8 #3010 // 将+1的箭支改换为普通的精良版本: 35.16
~STRATAGEMS/SETUP-STRATAGEMS.TP2~ #8 #3015 // 恢复游戏原有的超级强效医疗药水: 35.16
~STRATAGEMS/SETUP-STRATAGEMS.TP2~ #8 #3505 // 扩展随机卷轴的覆盖范围: 35.16
~STRATAGEMS/SETUP-STRATAGEMS.TP2~ #8 #3541 // 降低审判者解除魔法的能力 -> 审判者的解除魔法成功率以自身实际等级计算（不再是2倍）: 35.16
~STRATAGEMS/SETUP-STRATAGEMS.TP2~ #8 #4000 // 速度更合适的熊: 35.16
~STRATAGEMS/SETUP-STRATAGEMS.TP2~ #8 #4020 // 行为更真实的狼与野狗: 35.16
~STRATAGEMS/SETUP-STRATAGEMS.TP2~ #8 #3041 // 减少商店中破魔箭的数量 -> 商店出售的破魔箭最大数量只有5支: 35.16
~STRATAGEMS/SETUP-STRATAGEMS.TP2~ #8 #4030 // 强化变形术: 35.16
~STRATAGEMS/SETUP-STRATAGEMS.TP2~ #8 #4052 // 降低声望值的提升速度 -> 声望提升速度是原版的三分之一: 35.16
~STRATAGEMS/SETUP-STRATAGEMS.TP2~ #8 #4115 // 盗贼将以五倍的水平分配技能点（只是方便性的调整）: 35.16
~STRATAGEMS/SETUP-STRATAGEMS.TP2~ #8 #4130 // 修改了对死亡效果的处理，如解体、石化和监禁（被解体的队员可以复活；被监禁或石化的角色自动重新加入队伍；如果主角被石化或监禁，游戏不会结束）: 35.16
~STRATAGEMS/SETUP-STRATAGEMS.TP2~ #8 #4150 // 使蒙面法师可以侦测阿斯卡特拉大部分室内区域的施法状况: 35.16
~STRATAGEMS/SETUP-STRATAGEMS.TP2~ #8 #4162 // 提高阿斯卡特拉施法许可证的价格 -> 许可证花费20000枚金币: 35.16
~STRATAGEMS/SETUP-STRATAGEMS.TP2~ #8 #4171 // 增加盖兰·贝尔的要价 -> 盖兰要价60000枚金币: 35.16
~STRATAGEMS/SETUP-STRATAGEMS.TP2~ #8 #4215 // 移除特定区域中不应存在的协助类物品: 35.16
~STRATAGEMS/SETUP-STRATAGEMS.TP2~ #8 #4216 // 移除特定区域中不应存在的弹药 -> 只移除随机容器中的非魔法弹药: 35.16
~STRATAGEMS/SETUP-STRATAGEMS.TP2~ #8 #5000 // 安逸队伍 AI: 35.16
~STRATAGEMS/SETUP-STRATAGEMS.TP2~ #8 #5080 // 增强BG的章节过场: 35.16
~STRATAGEMS/SETUP-STRATAGEMS.TP2~ #8 #5900 // 初始 AI 组件（其他战术或 AI 组件的必备前置组件）: 35.16
~STRATAGEMS/SETUP-STRATAGEMS.TP2~ #8 #6000 // 更聪明的普通 AI: 35.16
~STRATAGEMS/SETUP-STRATAGEMS.TP2~ #8 #6010 // 更好的呼救系统: 35.16
~STRATAGEMS/SETUP-STRATAGEMS.TP2~ #8 #6030 // 更聪明的法师: 35.16
~STRATAGEMS/SETUP-STRATAGEMS.TP2~ #8 #6040 // 更聪明的牧师: 35.16
~STRATAGEMS/SETUP-STRATAGEMS.TP2~ #8 #6100 // 给 NPC 配备药剂: 35.16
~STRATAGEMS/SETUP-STRATAGEMS.TP2~ #8 #6200 // 强化蜘蛛: 35.16
~STRATAGEMS/SETUP-STRATAGEMS.TP2~ #8 #6300 // 更聪明的海妖女和树妖精: 35.16
~STRATAGEMS/SETUP-STRATAGEMS.TP2~ #8 #6310 // 稍微聪明的食腐虫: 35.16
~STRATAGEMS/SETUP-STRATAGEMS.TP2~ #8 #6320 // 更聪明的石化蜥蜴: 35.16
~STRATAGEMS/SETUP-STRATAGEMS.TP2~ #8 #6500 // 强化魔像: 35.16
~STRATAGEMS/SETUP-STRATAGEMS.TP2~ #8 #6510 // 强化恶魔和神使: 35.16
~STRATAGEMS/SETUP-STRATAGEMS.TP2~ #8 #6520 // 更聪明的巨灵: 35.16
~STRATAGEMS/SETUP-STRATAGEMS.TP2~ #8 #6540 // 更聪明的龙类: 35.16
~STRATAGEMS/SETUP-STRATAGEMS.TP2~ #8 #6550 // 更聪明的眼魔: 35.16
~STRATAGEMS/SETUP-STRATAGEMS.TP2~ #8 #6560 // 更聪明的灵吸怪: 35.16
~STRATAGEMS/SETUP-STRATAGEMS.TP2~ #8 #6570 // 更聪明的吉斯洋基人: 35.16
~STRATAGEMS/SETUP-STRATAGEMS.TP2~ #8 #6580 // 强化吸血鬼: 35.16
~STRATAGEMS/SETUP-STRATAGEMS.TP2~ #8 #6590 // 更聪明的巴尔王座最终战: 35.16
~STRATAGEMS/SETUP-STRATAGEMS.TP2~ #8 #6800 // 更聪明的伊菈赛菈: 35.16
~STRATAGEMS/SETUP-STRATAGEMS.TP2~ #8 #6810 // 更聪明的葛罗姆尼尔: 35.16
~STRATAGEMS/SETUP-STRATAGEMS.TP2~ #8 #6820 // 更聪明的雅加苏拉: 35.16
~STRATAGEMS/SETUP-STRATAGEMS.TP2~ #8 #6830 // 更聪明的阿巴济戈: 35.16
~STRATAGEMS/SETUP-STRATAGEMS.TP2~ #8 #6840 // Ascension 版本的艾瑞尼卡斯和仙黛使用 SCS 中的能力和 AI: 35.16
~STRATAGEMS/SETUP-STRATAGEMS.TP2~ #8 #6850 // Ascension 版本的恶魔使用 SCS 中的能力和 AI: 35.16
~STRATAGEMS/SETUP-STRATAGEMS.TP2~ #8 #7000 // 强化变形怪: 35.16
~STRATAGEMS/SETUP-STRATAGEMS.TP2~ #8 #7010 // 强化黑爪兵团和铁王座守卫: 35.16
~STRATAGEMS/SETUP-STRATAGEMS.TP2~ #8 #7020 // 强化刺杀小队出现的部署: 35.16
~STRATAGEMS/SETUP-STRATAGEMS.TP2~ #8 #7030 // 强化狗头人: 35.16
~STRATAGEMS/SETUP-STRATAGEMS.TP2~ #8 #7040 // 重新分配赏金猎人的位置: 35.16
~STRATAGEMS/SETUP-STRATAGEMS.TP2~ #8 #7050 // 强化巫尔卡斯特: 35.16
~STRATAGEMS/SETUP-STRATAGEMS.TP2~ #8 #7060 // 强化博德安之岛: 35.16
~STRATAGEMS/SETUP-STRATAGEMS.TP2~ #8 #7070 // 强化杜拉个之塔: 35.16
~STRATAGEMS/SETUP-STRATAGEMS.TP2~ #8 #7080 // 强化恶魔信徒: 35.16
~STRATAGEMS/SETUP-STRATAGEMS.TP2~ #8 #7090 // 强化斗篷森林德鲁伊: 35.16
~STRATAGEMS/SETUP-STRATAGEMS.TP2~ #8 #7100 // 强化巴西勒斯: 35.16
~STRATAGEMS/SETUP-STRATAGEMS.TP2~ #8 #7110 // 强化德拉萨斯小队: 35.16
~STRATAGEMS/SETUP-STRATAGEMS.TP2~ #8 #7130 // 强化红袍法师: 35.16
~STRATAGEMS/SETUP-STRATAGEMS.TP2~ #8 #7140 // 强化古代城市小队: 35.16
~STRATAGEMS/SETUP-STRATAGEMS.TP2~ #8 #7150 // 增强卡莎/喀尔可的交互: 35.16
~STRATAGEMS/SETUP-STRATAGEMS.TP2~ #8 #7200 // 更难的第二章最终战: 35.16
~STRATAGEMS/SETUP-STRATAGEMS.TP2~ #8 #7210 // 更难的第三章最终战: 35.16
~STRATAGEMS/SETUP-STRATAGEMS.TP2~ #8 #7220 // 更难的第四章最终战: 35.16
~STRATAGEMS/SETUP-STRATAGEMS.TP2~ #8 #7230 // 更难的第五章最终战: 35.16
~STRATAGEMS/SETUP-STRATAGEMS.TP2~ #8 #7250 // 更难的最终战: 35.16
~STRATAGEMS/SETUP-STRATAGEMS.TP2~ #8 #7900 // 强化小型遭遇战: 35.16
~STRATAGEMS/SETUP-STRATAGEMS.TP2~ #8 #8000 // 稍微提高序章地牢的难度: 35.16
~STRATAGEMS/SETUP-STRATAGEMS.TP2~ #8 #8010 // 强化暗影之王: 35.16
~STRATAGEMS/SETUP-STRATAGEMS.TP2~ #8 #8020 // 半巫妖施法调整: 35.16
~STRATAGEMS/SETUP-STRATAGEMS.TP2~ #8 #8040 // 难度关联等级的怪物也关联游戏难度选项: 35.16
~STRATAGEMS/SETUP-STRATAGEMS.TP2~ #8 #8050 // 强化随机遭遇战: 35.16
~STRATAGEMS/SETUP-STRATAGEMS.TP2~ #8 #8060 // 强化德阿尼斯堡（混合 Tactics）: 35.16
~STRATAGEMS/SETUP-STRATAGEMS.TP2~ #8 #8070 // 强化盲目之眼: 35.16
~STRATAGEMS/SETUP-STRATAGEMS.TP2~ #8 #8080 // 强化芭荻: 35.16
~STRATAGEMS/SETUP-STRATAGEMS.TP2~ #8 #8085 // 让 Ascension 版本中的芭荻使用 SCS “强化芭荻”组件中的能力: 35.16
~STRATAGEMS/SETUP-STRATAGEMS.TP2~ #8 #8100 // 提高禁魔监狱中艾瑞尼卡斯战役的难度: 35.16
~STRATAGEMS/SETUP-STRATAGEMS.TP2~ #8 #8110 // 强化鲨化鱼人: 35.16
~STRATAGEMS/SETUP-STRATAGEMS.TP2~ #8 #8120 // 强化眼魔巢穴: 35.16
~STRATAGEMS/SETUP-STRATAGEMS.TP2~ #8 #8130 // 再平衡巨魔的再生能力: 35.16
~STRATAGEMS/SETUP-STRATAGEMS.TP2~ #8 #8140 // 强化黑暗精灵: 35.16
~STRATAGEMS/SETUP-STRATAGEMS.TP2~ #8 #8150 // 强化观察者堡垒: 35.16
~STRATAGEMS/SETUP-STRATAGEMS.TP2~ #8 #8160 // 强化火巨人神殿: 35.16
~STRATAGEMS/SETUP-STRATAGEMS.TP2~ #8 #8170 // 强化仙黛的巢穴: 35.16
~STRATAGEMS/SETUP-STRATAGEMS.TP2~ #8 #8180 // 强化阿巴济戈的巢穴: 35.16
~STRATAGEMS/SETUP-STRATAGEMS.TP2~ #8 #8190 // 强化小型遭遇战: 35.16
~TACTICS-REMIX/TACTICS-REMIX.TP2~ #2 #8 // Improved Sahuagin City: v0.6.2-beta
~TACTICS-REMIX/TACTICS-REMIX.TP2~ #2 #10 // Improved Irenicus: v0.6.2-beta
~TACTICS-REMIX/TACTICS-REMIX.TP2~ #2 #11 // Improved Guarded Compound in the Temple District: v0.6.2-beta
~TACTICS-REMIX/TACTICS-REMIX.TP2~ #2 #12 // Improved Twisted Rune: v0.6.2-beta
~TACTICS-REMIX/TACTICS-REMIX.TP2~ #2 #13 // Gebhard Blucher's Improved Mae'Var: v0.6.2-beta
~TACTICS-REMIX/TACTICS-REMIX.TP2~ #2 #14 // Gebhard Blucher's Improved Demon Knights: v0.6.2-beta
~TACTICS-REMIX/TACTICS-REMIX.TP2~ #2 #15 // Kensai Ryu's Tougher Kangaxx and Guardians: v0.6.2-beta
~TACTICS-REMIX/TACTICS-REMIX.TP2~ #2 #6 // Kensai Ryu's Improved Crypt King: v0.6.2-beta
~TACTICS-REMIX/TACTICS-REMIX.TP2~ #2 #16 // Smarter Dragons: v0.6.2-beta
~TACTICS-REMIX/TACTICS-REMIX.TP2~ #2 #17 // Kensai Ryu's Improved Copper Coronet: v0.6.2-beta
~TACTICS-REMIX/TACTICS-REMIX.TP2~ #2 #19 // Mike Barnes' Improved Small Teeth Pass: v0.6.2-beta
~TACTICS-REMIX/TACTICS-REMIX.TP2~ #2 #34 // Morpheus562's Improved Samia and Party in Windspear Hills Dungeon: v0.6.2-beta
~TACTICS-REMIX/TACTICS-REMIX.TP2~ #2 #35 // Morpheus562's Improved Planar Prison Bounty Hunters: v0.6.2-beta
~TACTICS-REMIX/TACTICS-REMIX.TP2~ #2 #29 // Morpheus562's Improved Drizzt (BGEE): v0.6.2-beta
~TACTICS-REMIX/TACTICS-REMIX.TP2~ #2 #39 // Morpheus562's Improved Drizzt (BG2EE): v0.6.2-beta
~TACTICS-REMIX/TACTICS-REMIX.TP2~ #2 #41 // Morpheus562's Improved Mutamin's Garden and Tougher Basilisks: v0.6.2-beta
~TACTICS-REMIX/TACTICS-REMIX.TP2~ #2 #43 // Morpheus562's Improved Gnoll Stronghold and Tougher Gnolls: v0.6.2-beta
~TACTICS-REMIX/TACTICS-REMIX.TP2~ #2 #44 // Morpheus562's Improved Bassilus: v0.6.2-beta
~TACTICS-REMIX/TACTICS-REMIX.TP2~ #2 #45 // Morpheus562's Improved Maulers of Undermountain: v0.6.2-beta
~TACTICS-REMIX/TACTICS-REMIX.TP2~ #2 #42 // Morpheus562's Improved Durlag's Demon Knight: v0.6.2-beta
~TACTICS-REMIX/TACTICS-REMIX.TP2~ #2 #23 // Tougher Fire Giants: v0.6.2-beta
~TACTICS-REMIX/TACTICS-REMIX.TP2~ #2 #32 // Morpheus562's Tougher Githyanki: v0.6.2-beta
~TACTICS-REMIX/TACTICS-REMIX.TP2~ #2 #33 // Morpheus562's Tougher Yuan-ti: v0.6.2-beta
~ATWEAKS/SETUP-ATWEAKS.TP2~ #7 #100 // 恢复半兽人角色天生的夜视能力: v4.53_TotoR
~ATWEAKS/SETUP-ATWEAKS.TP2~ #7 #101 // 使骷髅和非实体形态的亡灵生物不受灵吸怪的噬脑术攻击的影响: v4.53_TotoR
~ATWEAKS/SETUP-ATWEAKS.TP2~ #7 #102 // 将灵锤改为远程武器: v4.53_TotoR
~ATWEAKS/SETUP-ATWEAKS.TP2~ #7 #103 // 让法术无效结界可以被解除/移除魔法破解: v4.53_TotoR
~ATWEAKS/SETUP-ATWEAKS.TP2~ #7 #104 // PnP 七彩喷射: v4.53_TotoR
~ATWEAKS/SETUP-ATWEAKS.TP2~ #7 #105 // PnP 任意门: v4.53_TotoR
~ATWEAKS/SETUP-ATWEAKS.TP2~ #7 #110 // 让魔法箭矢获得与它们附魔等级一样的伤害加成: v4.53_TotoR
~ATWEAKS/SETUP-ATWEAKS.TP2~ #7 #115 // 允许法师把记忆中的法术抄写到卷轴上 -> 可以随处抄写卷轴: v4.53_TotoR
~ATWEAKS/SETUP-ATWEAKS.TP2~ #7 #120 // 恢复圣骑士天生的疾病免疫能力: v4.53_TotoR
~ATWEAKS/SETUP-ATWEAKS.TP2~ #7 #125 // 游侠的动物通灵能力伴随等级提升: v4.53_TotoR
~ATWEAKS/SETUP-ATWEAKS.TP2~ #7 #130 // 额外的矮人种族特性: v4.53_TotoR
~ATWEAKS/SETUP-ATWEAKS.TP2~ #7 #140 // 额外的侏儒种族特性: v4.53_TotoR
~ATWEAKS/SETUP-ATWEAKS.TP2~ #7 #180 // PnP 魔蝠: v4.53_TotoR
~ATWEAKS/SETUP-ATWEAKS.TP2~ #7 #185 // PnP 精类生物: v4.53_TotoR
~ATWEAKS/SETUP-ATWEAKS.TP2~ #7 #186 // 修订召唤林地生物术: v4.53_TotoR
~ATWEAKS/SETUP-ATWEAKS.TP2~ #7 #190 // PnP 元素: v4.53_TotoR
~ATWEAKS/SETUP-ATWEAKS.TP2~ #7 #191 // 提高元素王子的生命骰数: v4.53_TotoR
~ATWEAKS/SETUP-ATWEAKS.TP2~ #7 #200 // 让破解术能够破坏由物品获得的石肤术效果: v4.53_TotoR
~ATWEAKS/SETUP-ATWEAKS.TP2~ #7 #201 // 无法打断战士系职业施展的技能: v4.53_TotoR
~ATWEAKS/SETUP-ATWEAKS.TP2~ #7 #202 // 修订巴尔之力 -> 强化巴尔之力，并规范其施法时间: v4.53_TotoR
~ATWEAKS/SETUP-ATWEAKS.TP2~ #7 #218 // 在巴尔王座剧情中能够重新获得巴尔之力: v4.53_TotoR
~ATWEAKS/SETUP-ATWEAKS.TP2~ #7 #203 // 无法打断德鲁伊的变身: v4.53_TotoR
~ATWEAKS/SETUP-ATWEAKS.TP2~ #7 #204 // 不允许误导术制造出的吟游诗人幻象吟唱战歌: v4.53_TotoR
~ATWEAKS/SETUP-ATWEAKS.TP2~ #7 #205 // 不允许拟像和投影使用已装备的魔法物品: v4.53_TotoR
~ATWEAKS/SETUP-ATWEAKS.TP2~ #7 #211 // 让防死结界可以免疫斩首效果: v4.53_TotoR
~ATWEAKS/SETUP-ATWEAKS.TP2~ #7 #210 // 让解除/移除魔法能够秒杀霓吸雾和哈克沙（PnP规则）: v4.53_TotoR
~ATWEAKS/SETUP-ATWEAKS.TP2~ #7 #212 // 让明了阵营魔法更准确: v4.53_TotoR
~ATWEAKS/SETUP-ATWEAKS.TP2~ #7 #213 // 矮人、侏儒和半身人能够从体质上获得更多的豁免加成: v4.53_TotoR
~ATWEAKS/SETUP-ATWEAKS.TP2~ #7 #217 // 已经隐身的吟游诗人在吟唱时会显形 -> 所有吟游诗人在吟唱时都会显形: v4.53_TotoR
~ATWEAKS/SETUP-ATWEAKS.TP2~ #7 #261 // 调整开锁，解除陷阱和抄录卷轴时获得的经验值 -> 改进开锁，解除陷阱和抄录卷轴时获得的经验值，使其更合理: v4.53_TotoR
~ATWEAKS/SETUP-ATWEAKS.TP2~ #7 #270 // 更公正的任务报酬: v4.53_TotoR
~ATWEAKS/SETUP-ATWEAKS.TP2~ #7 #220 // 简易盗贼脚本: v4.53_TotoR
~ATWEAKS/SETUP-ATWEAKS.TP2~ #7 #230 // 简易诗人脚本: v4.53_TotoR
~ATWEAKS/SETUP-ATWEAKS.TP2~ #7 #239 // 简易牧师/圣武士脚本: v4.53_TotoR
~ATWEAKS/SETUP-ATWEAKS.TP2~ #7 #300 // 将博德之门的次元门动画改为冰风谷风格 -> 快速的动画（冰风谷风格）: v4.53_TotoR
~ATWEAKS/SETUP-ATWEAKS.TP2~ #7 #301 // 改变寇萨拉家传之甲的外观: v4.53_TotoR
~ATWEAKS/SETUP-ATWEAKS.TP2~ #7 #302 // 改变维克纳之袍的外观: v4.53_TotoR
~ATWEAKS/SETUP-ATWEAKS.TP2~ #7 #310 // 独特的生物外观着色: v4.53_TotoR
~ATWEAKS/SETUP-ATWEAKS.TP2~ #7 #315 // 独特的生物声音集: v4.53_TotoR
~ATWEAKS/SETUP-ATWEAKS.TP2~ #7 #500 // 稍微增加容器的容量 -> 将容量值设为 999（推荐）: v4.53_TotoR
~ATWEAKS/SETUP-ATWEAKS.TP2~ #7 #510 // 多样化的神殿服务: v4.53_TotoR
~ATWEAKS/SETUP-ATWEAKS.TP2~ #7 #999 // 让 aTweaks 使用博德之门2风格的图标: v4.53_TotoR
~CDTWEAKS/SETUP-CDTWEAKS.TP2~ #9 #50 // 更改人物形象脚本: v16
~CDTWEAKS/SETUP-CDTWEAKS.TP2~ #9 #2060 // 武器模式通用: v16
~CDTWEAKS/SETUP-CDTWEAKS.TP2~ #9 #2140 // 扩展的转职: v16
~CDTWEAKS/SETUP-CDTWEAKS.TP2~ #9 #2160 // 更改武器熟练系统 -> 平衡武器精通: v16
~CDTWEAKS/SETUP-CDTWEAKS.TP2~ #9 #2200 // 兼职武器熟练度五星（Weimer）: v16
~CDTWEAKS/SETUP-CDTWEAKS.TP2~ #9 #2210 // 改变大宗师加成 -> 真五星熟练度（Baldurdash）: v16
~CDTWEAKS/SETUP-CDTWEAKS.TP2~ #9 #2240 // 未削弱的零级命中率设置: v16
~CDTWEAKS/SETUP-CDTWEAKS.TP2~ #9 #2380 // 移除宗派的种族限制: v16
~CDTWEAKS/SETUP-CDTWEAKS.TP2~ #9 #2350 // 改变兼职限制 -> 允许人类兼职: v16
~CDTWEAKS/SETUP-CDTWEAKS.TP2~ #9 #2551 // Alter Gnome Mage Kit/Multi-Class Options -> Generic mage multi-class, keep only illusionist kit for single-class: v16
~CDTWEAKS/SETUP-CDTWEAKS.TP2~ #9 #2440 // 任意职业都可从武器专精获得每轮攻击次数奖励: v16
~CDTWEAKS/SETUP-CDTWEAKS.TP2~ #9 #2450 // 转职角色使用PnP武器特长规则: v16
~CDTWEAKS/SETUP-CDTWEAKS.TP2~ #9 #3012 // NPC的HP最大化（the bigg） -> 只对能加入队伍的NPC有效: v16
~HIDDENGAMEPLAYOPTIONS/HIDDENGAMEPLAYOPTIONS.TP2~ #8 #10 // 增加选项-开启作弊模式: 4.7
~HIDDENGAMEPLAYOPTIONS/HIDDENGAMEPLAYOPTIONS.TP2~ #8 #11 // 增加选项-开启界面编辑模式: 4.7
~HIDDENGAMEPLAYOPTIONS/HIDDENGAMEPLAYOPTIONS.TP2~ #8 #12 // 增加选项-显示字符串序号: 4.7
~HIDDENGAMEPLAYOPTIONS/HIDDENGAMEPLAYOPTIONS.TP2~ #8 #13 // 增加选项-在工具栏显示快捷键: 4.7
~HIDDENGAMEPLAYOPTIONS/HIDDENGAMEPLAYOPTIONS.TP2~ #8 #14 // 增加选项-Tab键显示更多互动图标: 4.7
~HIDDENGAMEPLAYOPTIONS/HIDDENGAMEPLAYOPTIONS.TP2~ #8 #16 // 增加选项-游侠/牧师受限的德鲁伊神术: 4.7
~HIDDENGAMEPLAYOPTIONS/HIDDENGAMEPLAYOPTIONS.TP2~ #8 #17 // 增加选项-3E版本背刺: 4.7
~HIDDENGAMEPLAYOPTIONS/HIDDENGAMEPLAYOPTIONS.TP2~ #8 #18 // 增加选项-致命一击时屏幕摇晃: 4.7
~HIDDENGAMEPLAYOPTIONS/HIDDENGAMEPLAYOPTIONS.TP2~ #8 #19 // 增加选项-显示额外战斗信息: 4.7
~HIDDENGAMEPLAYOPTIONS/HIDDENGAMEPLAYOPTIONS.TP2~ #8 #20 // 增加选项-暂停时显示游戏数据和时间: 4.7
~HIDDENGAMEPLAYOPTIONS/HIDDENGAMEPLAYOPTIONS.TP2~ #8 #22 // 增加选项-反转鼠标滚轮缩放: 4.7
~HIDDENGAMEPLAYOPTIONS/HIDDENGAMEPLAYOPTIONS.TP2~ #8 #23 // 增加选项-在打开地图时暂停游戏: 4.7
~HIDDENGAMEPLAYOPTIONS/HIDDENGAMEPLAYOPTIONS.TP2~ #8 #24 // 增加选项-开启战争迷雾: 4.7
~HIDDENGAMEPLAYOPTIONS/HIDDENGAMEPLAYOPTIONS.TP2~ #8 #25 // 增加选项-禁止显示影片: 4.7
~HIDDENGAMEPLAYOPTIONS/HIDDENGAMEPLAYOPTIONS.TP2~ #8 #27 // 增加选项-噩梦难度提供额外经验值: 4.7
~HIDDENGAMEPLAYOPTIONS/HIDDENGAMEPLAYOPTIONS.TP2~ #8 #28 // 增加选项-开启角色长期站立的无聊语音: 4.7
~HIDDENGAMEPLAYOPTIONS/HIDDENGAMEPLAYOPTIONS.TP2~ #8 #29 // 增加选项-调节帧率: 4.7
~HIDDENGAMEPLAYOPTIONS/HIDDENGAMEPLAYOPTIONS.TP2~ #8 #30 // 增加选项-动作反馈: 4.7
~HIDDENGAMEPLAYOPTIONS/HIDDENGAMEPLAYOPTIONS.TP2~ #8 #32 // 增加选项-施法范围可视化: 4.7
~HIDDENGAMEPLAYOPTIONS/HIDDENGAMEPLAYOPTIONS.TP2~ #8 #33 // 增加选项-增强寻路: 4.7
~HIDDENGAMEPLAYOPTIONS/HIDDENGAMEPLAYOPTIONS.TP2~ #8 #34 // 增加选项-陷阱的高亮显示终止: 4.7
~HIDDENGAMEPLAYOPTIONS/HIDDENGAMEPLAYOPTIONS.TP2~ #8 #35 // 增加选项-显示可学习法术: 4.7
~HIDDENGAMEPLAYOPTIONS/HIDDENGAMEPLAYOPTIONS.TP2~ #8 #36 // 增加选项-显示探索地图: 4.7
~HIDDENGAMEPLAYOPTIONS/HIDDENGAMEPLAYOPTIONS.TP2~ #8 #37 // 增加选项-显示动态探索地图: 4.7
~HIDDENGAMEPLAYOPTIONS/HIDDENGAMEPLAYOPTIONS.TP2~ #8 #38 // 增加选项-控制间隔存档（需要安装Tweak Anthology）: 4.7
~HIDDENGAMEPLAYOPTIONS/HIDDENGAMEPLAYOPTIONS.TP2~ #8 #39 // 增加选项-强制对话暂停: 4.7
~HIDDENGAMEPLAYOPTIONS/HIDDENGAMEPLAYOPTIONS.TP2~ #8 #103 // 更新键绑定 -> 牧师神术和法师法术: 4.7
~HIDDENGAMEPLAYOPTIONS/HIDDENGAMEPLAYOPTIONS.TP2~ #8 #200 // 增强的作弊菜单: 4.7
~PPE/SETUP-PPE.TP2~ #0 #0 // Portraits Portraits Everywhere (PPE) - core component: 1.01
~PPE/SETUP-PPE.TP2~ #0 #150 // Category Portraits (Recommended) -> Random: 1.01
~PPE/SETUP-PPE.TP2~ #0 #20 // Replace Low Quality TOB & SOA Portraits: 1.01
~EET_END/EET_END.TP2~ #7 #0 // EET end（如无特殊情况，应当在安装整合中最后安装） -> 标准安装
~STRATAGEMS/SETUP-STRATAGEMS.TP2~ #8 #4140 // 修改后的旅馆房间：更贵，更有益: 35.16
~BARDSONG_BGEE_IWD/SETUP-BARDSONG_BGEE_IWD.TP2~ #1 #0 // 冰风谷风格的战歌切换功能: v4.2
~BARDSONG_BGEE_IWD/SETUP-BARDSONG_BGEE_IWD.TP2~ #1 #1 // 大合唱功能: v4.2
~BARDSONG_BGEE_IWD/SETUP-BARDSONG_BGEE_IWD.TP2~ #1 #2 // 允许投影进行演奏: v4.2
~SHOHY'S_WEAPON_STYLE_REBALANCE/SETUP-SHOHY'S_WEAPON_STYLE_REBALANCE.TP2~ #1 #0 // 武器流派平衡: v0.5
~SHOHY'S_WEAPON_STYLE_REBALANCE/SETUP-SHOHY'S_WEAPON_STYLE_REBALANCE.TP2~ #1 #1 // 四种武器流派可投入更多星数（并未实际提升星数上限，但2星和3星时会自动减一星换来额外奖励。需要先安装武器流派平衡）: v0.5
~SHOHY'S_WEAPON_STYLE_REBALANCE/SETUP-SHOHY'S_WEAPON_STYLE_REBALANCE.TP2~ #1 #2 // 武器细节调整（需要先安装武器流派平衡）: v0.5
~SHOHY'S_WEAPON_STYLE_REBALANCE/SETUP-SHOHY'S_WEAPON_STYLE_REBALANCE.TP2~ #1 #3 // 友军和敌军也获得类似能力（根据是否安装“武器细节调整”获得不同程度的加成）: v0.5
~BP-BGT-WORLDMAP/SETUP-BP-BGT-WORLDMAP.TP2~ #7 #0 // 博德之门全景地图（包括地区图标）: v13.1.1
~X_AUTOBS/SETUP-X_AUTOBS.TP2~ #0 #0 // X自动战斗脚本: v6.1
